# JRE version: OpenJDK Runtime Environment (8.0_152-b01) (build 1.8.0_152-release-915-b01)
# Java VM: OpenJDK 64-Bit Server VM (25.152-b01 mixed mode linux-amd64 compressed oops)
Heap:
 PSYoungGen      total 332800K, used 46054K [0x00000000e0000000, 0x00000000f7a80000, 0x0000000100000000)
  eden space 286720K, 0% used [0x00000000e0000000,0x00000000e0000000,0x00000000f1800000)
  from space 46080K, 99% used [0x00000000f1800000,0x00000000f44f99d8,0x00000000f4500000)
  to   space 40960K, 0% used [0x00000000f4500000,0x00000000f4500000,0x00000000f6d00000)
 ParOldGen       total 124928K, used 69692K [0x00000000a0000000, 0x00000000a7a00000, 0x00000000e0000000)
  object space 124928K, 55% used [0x00000000a0000000,0x00000000a440f070,0x00000000a7a00000)
 Metaspace       used 72699K, capacity 75848K, committed 76120K, reserved 1116160K
  class space    used 9130K, capacity 9837K, committed 9856K, reserved 1048576K
GC Heap History (10 events):
Event: 1116,008 GC heap after
Heap after GC invocations=21 (full 3):
 PSYoungGen      total 233984K, used 23274K [0x00000000e0000000, 0x00000000f1680000, 0x0000000100000000)
  eden space 203776K, 0% used [0x00000000e0000000,0x00000000e0000000,0x00000000ec700000)
  from space 30208K, 77% used [0x00000000ee680000,0x00000000efd3a860,0x00000000f0400000)
  to   space 32256K, 0% used [0x00000000ec700000,0x00000000ec700000,0x00000000ee680000)
 ParOldGen       total 124928K, used 32610K [0x00000000a0000000, 0x00000000a7a00000, 0x00000000e0000000)
  object space 124928K, 26% used [0x00000000a0000000,0x00000000a1fd8868,0x00000000a7a00000)
 Metaspace       used 67330K, capacity 70070K, committed 70232K, reserved 1110016K
  class space    used 8613K, capacity 9248K, committed 9344K, reserved 1048576K
}
Event: 1119,856 GC heap before
{Heap before GC invocations=22 (full 3):
 PSYoungGen      total 233984K, used 227050K [0x00000000e0000000, 0x00000000f1680000, 0x0000000100000000)
  eden space 203776K, 100% used [0x00000000e0000000,0x00000000ec700000,0x00000000ec700000)
  from space 30208K, 77% used [0x00000000ee680000,0x00000000efd3a860,0x00000000f0400000)
  to   space 32256K, 0% used [0x00000000ec700000,0x00000000ec700000,0x00000000ee680000)
 ParOldGen       total 124928K, used 32610K [0x00000000a0000000, 0x00000000a7a00000, 0x00000000e0000000)
  object space 124928K, 26% used [0x00000000a0000000,0x00000000a1fd8868,0x00000000a7a00000)
 Metaspace       used 68156K, capacity 71028K, committed 71128K, reserved 1112064K
  class space    used 8731K, capacity 9407K, committed 9472K, reserved 1048576K
Event: 1119,960 GC heap after
Heap after GC invocations=22 (full 3):
 PSYoungGen      total 236032K, used 24279K [0x00000000e0000000, 0x00000000f3380000, 0x0000000100000000)
  eden space 203776K, 0% used [0x00000000e0000000,0x00000000e0000000,0x00000000ec700000)
  from space 32256K, 75% used [0x00000000ec700000,0x00000000edeb5eb0,0x00000000ee680000)
  to   space 34304K, 0% used [0x00000000f1200000,0x00000000f1200000,0x00000000f3380000)
 ParOldGen       total 124928K, used 32618K [0x00000000a0000000, 0x00000000a7a00000, 0x00000000e0000000)
  object space 124928K, 26% used [0x00000000a0000000,0x00000000a1fda868,0x00000000a7a00000)
 Metaspace       used 68156K, capacity 71028K, committed 71128K, reserved 1112064K
  class space    used 8731K, capacity 9407K, committed 9472K, reserved 1048576K
}
Event: 1123,588 GC heap before
{Heap before GC invocations=23 (full 3):
 PSYoungGen      total 236032K, used 228055K [0x00000000e0000000, 0x00000000f3380000, 0x0000000100000000)
  eden space 203776K, 100% used [0x00000000e0000000,0x00000000ec700000,0x00000000ec700000)
  from space 32256K, 75% used [0x00000000ec700000,0x00000000edeb5eb0,0x00000000ee680000)
  to   space 34304K, 0% used [0x00000000f1200000,0x00000000f1200000,0x00000000f3380000)
 ParOldGen       total 124928K, used 32618K [0x00000000a0000000, 0x00000000a7a00000, 0x00000000e0000000)
  object space 124928K, 26% used [0x00000000a0000000,0x00000000a1fda868,0x00000000a7a00000)
 Metaspace       used 69088K, capacity 72124K, committed 72280K, reserved 1112064K
  class space    used 8830K, capacity 9547K, committed 9600K, reserved 1048576K
Event: 1123,660 GC heap after
Heap after GC invocations=23 (full 3):
 PSYoungGen      total 278528K, used 25917K [0x00000000e0000000, 0x00000000f3580000, 0x0000000100000000)
  eden space 244224K, 0% used [0x00000000e0000000,0x00000000e0000000,0x00000000eee80000)
  from space 34304K, 75% used [0x00000000f1200000,0x00000000f2b4f630,0x00000000f3380000)
  to   space 36352K, 0% used [0x00000000eee80000,0x00000000eee80000,0x00000000f1200000)
 ParOldGen       total 124928K, used 32626K [0x00000000a0000000, 0x00000000a7a00000, 0x00000000e0000000)
  object space 124928K, 26% used [0x00000000a0000000,0x00000000a1fdc868,0x00000000a7a00000)
 Metaspace       used 69088K, capacity 72124K, committed 72280K, reserved 1112064K
  class space    used 8830K, capacity 9547K, committed 9600K, reserved 1048576K
}
Event: 1128,239 GC heap before
{Heap before GC invocations=24 (full 3):
 PSYoungGen      total 278528K, used 270141K [0x00000000e0000000, 0x00000000f3580000, 0x0000000100000000)
  eden space 244224K, 100% used [0x00000000e0000000,0x00000000eee80000,0x00000000eee80000)
  from space 34304K, 75% used [0x00000000f1200000,0x00000000f2b4f630,0x00000000f3380000)
  to   space 36352K, 0% used [0x00000000eee80000,0x00000000eee80000,0x00000000f1200000)
 ParOldGen       total 124928K, used 32626K [0x00000000a0000000, 0x00000000a7a00000, 0x00000000e0000000)
  object space 124928K, 26% used [0x00000000a0000000,0x00000000a1fdc868,0x00000000a7a00000)
 Metaspace       used 72213K, capacity 75254K, committed 75608K, reserved 1116160K
  class space    used 9097K, capacity 9796K, committed 9856K, reserved 1048576K
Event: 1128,358 GC heap after
Heap after GC invocations=24 (full 3):
 PSYoungGen      total 280576K, used 33055K [0x00000000e0000000, 0x00000000f6d00000, 0x0000000100000000)
  eden space 244224K, 0% used [0x00000000e0000000,0x00000000e0000000,0x00000000eee80000)
  from space 36352K, 90% used [0x00000000eee80000,0x00000000f0ec7f50,0x00000000f1200000)
  to   space 40960K, 0% used [0x00000000f4500000,0x00000000f4500000,0x00000000f6d00000)
 ParOldGen       total 124928K, used 32898K [0x00000000a0000000, 0x00000000a7a00000, 0x00000000e0000000)
  object space 124928K, 26% used [0x00000000a0000000,0x00000000a2020880,0x00000000a7a00000)
 Metaspace       used 72213K, capacity 75254K, committed 75608K, reserved 1116160K
  class space    used 9097K, capacity 9796K, committed 9856K, reserved 1048576K
}
Event: 1129,994 GC heap before
{Heap before GC invocations=25 (full 3):
 PSYoungGen      total 280576K, used 277279K [0x00000000e0000000, 0x00000000f6d00000, 0x0000000100000000)
  eden space 244224K, 100% used [0x00000000e0000000,0x00000000eee80000,0x00000000eee80000)
  from space 36352K, 90% used [0x00000000eee80000,0x00000000f0ec7f50,0x00000000f1200000)
  to   space 40960K, 0% used [0x00000000f4500000,0x00000000f4500000,0x00000000f6d00000)
 ParOldGen       total 124928K, used 32898K [0x00000000a0000000, 0x00000000a7a00000, 0x00000000e0000000)
  object space 124928K, 26% used [0x00000000a0000000,0x00000000a2020880,0x00000000a7a00000)
 Metaspace       used 72405K, capacity 75482K, committed 75608K, reserved 1116160K
  class space    used 9099K, capacity 9828K, committed 9856K, reserved 1048576K
Event: 1130,073 GC heap after
Heap after GC invocations=25 (full 3):
 PSYoungGen      total 327680K, used 38164K [0x00000000e0000000, 0x00000000f7a80000, 0x0000000100000000)
  eden space 286720K, 0% used [0x00000000e0000000,0x00000000e0000000,0x00000000f1800000)
  from space 40960K, 93% used [0x00000000f4500000,0x00000000f6a45360,0x00000000f6d00000)
  to   space 46080K, 0% used [0x00000000f1800000,0x00000000f1800000,0x00000000f4500000)
 ParOldGen       total 124928K, used 32906K [0x00000000a0000000, 0x00000000a7a00000, 0x00000000e0000000)
  object space 124928K, 26% used [0x00000000a0000000,0x00000000a2022880,0x00000000a7a00000)
 Metaspace       used 72405K, capacity 75482K, committed 75608K, reserved 1116160K
  class space    used 9099K, capacity 9828K, committed 9856K, reserved 1048576K
}
Event: 1131,593 GC heap before
{Heap before GC invocations=26 (full 3):
 PSYoungGen      total 327680K, used 324884K [0x00000000e0000000, 0x00000000f7a80000, 0x0000000100000000)
  eden space 286720K, 100% used [0x00000000e0000000,0x00000000f1800000,0x00000000f1800000)
  from space 40960K, 93% used [0x00000000f4500000,0x00000000f6a45360,0x00000000f6d00000)
  to   space 46080K, 0% used [0x00000000f1800000,0x00000000f1800000,0x00000000f4500000)
 ParOldGen       total 124928K, used 32906K [0x00000000a0000000, 0x00000000a7a00000, 0x00000000e0000000)
  object space 124928K, 26% used [0x00000000a0000000,0x00000000a2022880,0x00000000a7a00000)
 Metaspace       used 72699K, capacity 75848K, committed 76120K, reserved 1116160K
  class space    used 9130K, capacity 9837K, committed 9856K, reserved 1048576K

